0 verbose cli C:\Program Files\nodejs\node.exe C:\Users\ihebc\AppData\Roaming\npm\node_modules\npm\bin\npm-cli.js
1 info using npm@10.5.2
2 info using node@v18.17.0
3 timing npm:load:whichnode Completed in 1ms
4 timing config:load:defaults Completed in 1ms
5 timing config:load:file:C:\Users\ihebc\AppData\Roaming\npm\node_modules\npm\npmrc Completed in 2ms
6 timing config:load:builtin Completed in 2ms
7 timing config:load:cli Completed in 2ms
8 timing config:load:env Completed in 1ms
9 timing config:load:project Completed in 0ms
10 timing config:load:file:C:\Users\ihebc\.npmrc Completed in 1ms
11 timing config:load:user Completed in 1ms
12 timing config:load:file:C:\Users\ihebc\AppData\Roaming\npm\etc\npmrc Completed in 1ms
13 timing config:load:global Completed in 1ms
14 timing config:load:setEnvs Completed in 1ms
15 timing config:load Completed in 10ms
16 timing npm:load:configload Completed in 10ms
17 timing config:load:flatten Completed in 2ms
18 timing npm:load:mkdirpcache Completed in 1ms
19 timing npm:load:mkdirplogs Completed in 1ms
20 verbose title npm uninstall expo-cli
21 verbose argv "uninstall" "--global" "expo-cli"
22 timing npm:load:setTitle Completed in 1ms
23 timing npm:load:display Completed in 0ms
24 verbose logfile logs-max:10 dir:C:\StudyBuddyProject-main\clean\_logs\2024-04-17T19_16_31_787Z-
25 verbose logfile C:\StudyBuddyProject-main\clean\_logs\2024-04-17T19_16_31_787Z-debug-0.log
26 timing npm:load:logFile Completed in 3ms
27 timing npm:load:timers Completed in 0ms
28 timing npm:load:configScope Completed in 0ms
29 timing npm:load Completed in 50ms
30 timing config:load:flatten Completed in 1ms
31 timing arborist:ctor Completed in 0ms
32 silly logfile start cleaning logs, removing 2 files
33 silly logfile done cleaning log files
34 timing idealTree:init Completed in 6ms
35 timing idealTree:userRequests Completed in 0ms
36 silly idealTree buildDeps
37 timing idealTree:#root Completed in 0ms
38 timing idealTree:buildDeps Completed in 1ms
39 timing idealTree:fixDepFlags Completed in 0ms
40 timing idealTree Completed in 8ms
41 timing reify:loadTrees Completed in 348ms
42 timing reify:diffTrees Completed in 9ms
43 silly reify mark retired [
43 silly reify   'C:\\Users\\ihebc\\AppData\\Roaming\\npm\\node_modules\\expo-cli',
43 silly reify   'C:\\Users\\ihebc\\AppData\\Roaming\\npm\\expo',
43 silly reify   'C:\\Users\\ihebc\\AppData\\Roaming\\npm\\expo.cmd',
43 silly reify   'C:\\Users\\ihebc\\AppData\\Roaming\\npm\\expo.ps1',
43 silly reify   'C:\\Users\\ihebc\\AppData\\Roaming\\npm\\expo-cli',
43 silly reify   'C:\\Users\\ihebc\\AppData\\Roaming\\npm\\expo-cli.cmd',
43 silly reify   'C:\\Users\\ihebc\\AppData\\Roaming\\npm\\expo-cli.ps1'
43 silly reify ]
44 silly reify moves {
44 silly reify   'C:\\Users\\ihebc\\AppData\\Roaming\\npm\\node_modules\\expo-cli': 'C:\\Users\\ihebc\\AppData\\Roaming\\npm\\node_modules\\.expo-cli-ENN9WGZT',
44 silly reify   'C:\\Users\\ihebc\\AppData\\Roaming\\npm\\expo': 'C:\\Users\\ihebc\\AppData\\Roaming\\npm\\.expo-51Z8ryq5',
44 silly reify   'C:\\Users\\ihebc\\AppData\\Roaming\\npm\\expo.cmd': 'C:\\Users\\ihebc\\AppData\\Roaming\\npm\\.expo.cmd-fkyZkfU8',
44 silly reify   'C:\\Users\\ihebc\\AppData\\Roaming\\npm\\expo.ps1': 'C:\\Users\\ihebc\\AppData\\Roaming\\npm\\.expo.ps1-5XM3XRCs',
44 silly reify   'C:\\Users\\ihebc\\AppData\\Roaming\\npm\\expo-cli': 'C:\\Users\\ihebc\\AppData\\Roaming\\npm\\.expo-cli-pm1ZndhA',
44 silly reify   'C:\\Users\\ihebc\\AppData\\Roaming\\npm\\expo-cli.cmd': 'C:\\Users\\ihebc\\AppData\\Roaming\\npm\\.expo-cli.cmd-Gs4wdsCz',
44 silly reify   'C:\\Users\\ihebc\\AppData\\Roaming\\npm\\expo-cli.ps1': 'C:\\Users\\ihebc\\AppData\\Roaming\\npm\\.expo-cli.ps1-DbwBX5s1'
44 silly reify }
45 timing reify:retireShallow Completed in 38ms
46 timing reify:createSparse Completed in 0ms
47 timing reify:loadBundles Completed in 0ms
48 timing reify:unpack Completed in 1ms
49 timing reify:unretire Completed in 0ms
50 timing build:queue Completed in 0ms
51 timing build:deps Completed in 1ms
52 timing build Completed in 1ms
53 timing reify:build Completed in 1ms
54 timing reify:trash Completed in 2059ms
55 timing reify Completed in 2462ms
56 silly REMOVE node_modules/expo-cli
57 silly REMOVE node_modules/expo-cli/node_modules/@xtuc/long
58 silly REMOVE node_modules/expo-cli/node_modules/@xtuc/ieee754
59 silly REMOVE node_modules/expo-cli/node_modules/@xmldom/xmldom
60 silly REMOVE node_modules/expo-cli/node_modules/@webassemblyjs/wast-printer
61 silly REMOVE node_modules/expo-cli/node_modules/@webassemblyjs/wasm-parser
62 silly REMOVE node_modules/expo-cli/node_modules/@webassemblyjs/wasm-opt
63 silly REMOVE node_modules/expo-cli/node_modules/@webassemblyjs/wasm-gen
64 silly REMOVE node_modules/expo-cli/node_modules/@webassemblyjs/wasm-edit
65 silly REMOVE node_modules/expo-cli/node_modules/@webassemblyjs/utf8
66 silly REMOVE node_modules/expo-cli/node_modules/@webassemblyjs/leb128
67 silly REMOVE node_modules/expo-cli/node_modules/@webassemblyjs/ieee754
68 silly REMOVE node_modules/expo-cli/node_modules/@webassemblyjs/helper-wasm-section
69 silly REMOVE node_modules/expo-cli/node_modules/@webassemblyjs/helper-numbers
70 silly REMOVE node_modules/expo-cli/node_modules/@webassemblyjs/helper-wasm-bytecode
71 silly REMOVE node_modules/expo-cli/node_modules/@webassemblyjs/floating-point-hex-parser
72 silly REMOVE node_modules/expo-cli/node_modules/@webassemblyjs/helper-buffer
73 silly REMOVE node_modules/expo-cli/node_modules/@webassemblyjs/helper-api-error
74 silly REMOVE node_modules/expo-cli/node_modules/@webassemblyjs/ast
75 silly REMOVE node_modules/expo-cli/node_modules/@types/ws
76 silly REMOVE node_modules/expo-cli/node_modules/@types/sockjs
77 silly REMOVE node_modules/expo-cli/node_modules/@types/serve-index
78 silly REMOVE node_modules/expo-cli/node_modules/@types/send
79 silly REMOVE node_modules/expo-cli/node_modules/@types/serve-static
80 silly REMOVE node_modules/expo-cli/node_modules/@types/retry
81 silly REMOVE node_modules/expo-cli/node_modules/@types/responselike
82 silly REMOVE node_modules/expo-cli/node_modules/@types/range-parser
83 silly REMOVE node_modules/expo-cli/node_modules/@types/qs
84 silly REMOVE node_modules/expo-cli/node_modules/@types/node-forge
85 silly REMOVE node_modules/expo-cli/node_modules/@types/node
86 silly REMOVE node_modules/expo-cli/node_modules/@types/minimatch
87 silly REMOVE node_modules/expo-cli/node_modules/@types/mime
88 silly REMOVE node_modules/expo-cli/node_modules/@types/keyv
89 silly REMOVE node_modules/expo-cli/node_modules/@types/json-schema
90 silly REMOVE node_modules/expo-cli/node_modules/@types/http-proxy
91 silly REMOVE node_modules/expo-cli/node_modules/@types/http-errors
92 silly REMOVE node_modules/expo-cli/node_modules/@types/http-cache-semantics
93 silly REMOVE node_modules/expo-cli/node_modules/@types/html-minifier-terser
94 silly REMOVE node_modules/expo-cli/node_modules/@types/glob
95 silly REMOVE node_modules/expo-cli/node_modules/@types/eslint-scope
96 silly REMOVE node_modules/expo-cli/node_modules/@types/express-serve-static-core
97 silly REMOVE node_modules/expo-cli/node_modules/@types/express
98 silly REMOVE node_modules/expo-cli/node_modules/@types/connect-history-api-fallback
99 silly REMOVE node_modules/expo-cli/node_modules/@types/estree
100 silly REMOVE node_modules/expo-cli/node_modules/@types/eslint
101 silly REMOVE node_modules/expo-cli/node_modules/@types/connect
102 silly REMOVE node_modules/expo-cli/node_modules/@types/cacheable-request
103 silly REMOVE node_modules/expo-cli/node_modules/@types/bonjour
104 silly REMOVE node_modules/expo-cli/node_modules/@trysound/sax
105 silly REMOVE node_modules/expo-cli/node_modules/@types/body-parser
106 silly REMOVE node_modules/expo-cli/node_modules/@sindresorhus/is
107 silly REMOVE node_modules/expo-cli/node_modules/@sideway/pinpoint
108 silly REMOVE node_modules/expo-cli/node_modules/@szmarczak/http-timer
109 silly REMOVE node_modules/expo-cli/node_modules/@sideway/formula
110 silly REMOVE node_modules/expo-cli/node_modules/@segment/loosely-validate-event
111 silly REMOVE node_modules/expo-cli/node_modules/@sideway/address
112 silly REMOVE node_modules/expo-cli/node_modules/@npmcli/move-file
113 silly REMOVE node_modules/expo-cli/node_modules/@pkgjs/parseargs
114 silly REMOVE node_modules/expo-cli/node_modules/@react-native/normalize-color
115 silly REMOVE node_modules/expo-cli/node_modules/@npmcli/fs
116 silly REMOVE node_modules/expo-cli/node_modules/@npmcli/fs/node_modules/semver
117 silly REMOVE node_modules/expo-cli/node_modules/@nodelib/fs.walk
118 silly REMOVE node_modules/expo-cli/node_modules/@nodelib/fs.stat
119 silly REMOVE node_modules/expo-cli/node_modules/@jridgewell/source-map
120 silly REMOVE node_modules/expo-cli/node_modules/@nodelib/fs.scandir
121 silly REMOVE node_modules/expo-cli/node_modules/@leichtgewicht/ip-codec
122 silly REMOVE node_modules/expo-cli/node_modules/@jridgewell/trace-mapping
123 silly REMOVE node_modules/expo-cli/node_modules/@jridgewell/set-array
124 silly REMOVE node_modules/expo-cli/node_modules/@jridgewell/sourcemap-codec
125 silly REMOVE node_modules/expo-cli/node_modules/@jridgewell/resolve-uri
126 silly REMOVE node_modules/expo-cli/node_modules/@jridgewell/gen-mapping
127 silly REMOVE node_modules/expo-cli/node_modules/@gar/promisify
128 silly REMOVE node_modules/expo-cli/node_modules/@isaacs/cliui
129 silly REMOVE node_modules/expo-cli/node_modules/@isaacs/cliui/node_modules/wrap-ansi
130 silly REMOVE node_modules/expo-cli/node_modules/@isaacs/cliui/node_modules/string-width
131 silly REMOVE node_modules/expo-cli/node_modules/@isaacs/cliui/node_modules/strip-ansi
132 silly REMOVE node_modules/expo-cli/node_modules/@isaacs/cliui/node_modules/emoji-regex
133 silly REMOVE node_modules/expo-cli/node_modules/@isaacs/cliui/node_modules/ansi-styles
134 silly REMOVE node_modules/expo-cli/node_modules/@isaacs/cliui/node_modules/ansi-regex
135 silly REMOVE node_modules/expo-cli/node_modules/@hapi/topo
136 silly REMOVE node_modules/expo-cli/node_modules/@hapi/hoek
137 silly REMOVE node_modules/expo-cli/node_modules/@colors/colors
138 silly REMOVE node_modules/expo-cli/node_modules/@expo/xcpretty
139 silly REMOVE node_modules/expo-cli/node_modules/@expo/xcpretty/node_modules/js-yaml
140 silly REMOVE node_modules/expo-cli/node_modules/@expo/xcpretty/node_modules/argparse
141 silly REMOVE node_modules/expo-cli/node_modules/@expo/spawn-async
142 silly REMOVE node_modules/expo-cli/node_modules/@expo/webpack-config
143 silly REMOVE node_modules/expo-cli/node_modules/@expo/sdk-runtime-versions
144 silly REMOVE node_modules/expo-cli/node_modules/@expo/schemer
145 silly REMOVE node_modules/expo-cli/node_modules/@expo/schemer/node_modules/probe-image-size
146 silly REMOVE node_modules/expo-cli/node_modules/@expo/rudder-sdk-node
147 silly REMOVE node_modules/expo-cli/node_modules/@expo/prebuild-config
148 silly REMOVE node_modules/expo-cli/node_modules/@expo/prebuild-config/node_modules/@expo/json-file
149 silly REMOVE node_modules/expo-cli/node_modules/@expo/prebuild-config/node_modules/json5
150 silly REMOVE node_modules/expo-cli/node_modules/@expo/plist
151 silly REMOVE node_modules/expo-cli/node_modules/@expo/package-manager
152 silly REMOVE node_modules/expo-cli/node_modules/@expo/package-manager/node_modules/@expo/json-file
153 silly REMOVE node_modules/expo-cli/node_modules/@expo/package-manager/node_modules/npm-package-arg
154 silly REMOVE node_modules/expo-cli/node_modules/@expo/package-manager/node_modules/semver
155 silly REMOVE node_modules/expo-cli/node_modules/@expo/package-manager/node_modules/json5
156 silly REMOVE node_modules/expo-cli/node_modules/@expo/package-manager/node_modules/hosted-git-info
157 silly REMOVE node_modules/expo-cli/node_modules/@expo/metro-config
158 silly REMOVE node_modules/expo-cli/node_modules/@expo/metro-config/node_modules/@expo/config-types
159 silly REMOVE node_modules/expo-cli/node_modules/@expo/metro-config/node_modules/@expo/config
160 silly REMOVE node_modules/expo-cli/node_modules/@expo/metro-config/node_modules/@expo/config-plugins
161 silly REMOVE node_modules/expo-cli/node_modules/@expo/metro-config/node_modules/@expo/config-plugins/node_modules/semver
162 silly REMOVE node_modules/expo-cli/node_modules/@expo/osascript
163 silly REMOVE node_modules/expo-cli/node_modules/@expo/json-file
164 silly REMOVE node_modules/expo-cli/node_modules/@expo/devcert
165 silly REMOVE node_modules/expo-cli/node_modules/@expo/devcert/node_modules/rimraf
166 silly REMOVE node_modules/expo-cli/node_modules/@expo/devcert/node_modules/sudo-prompt
167 silly REMOVE node_modules/expo-cli/node_modules/@expo/devcert/node_modules/mkdirp
168 silly REMOVE node_modules/expo-cli/node_modules/@expo/devcert/node_modules/debug
169 silly REMOVE node_modules/expo-cli/node_modules/@expo/image-utils
170 silly REMOVE node_modules/expo-cli/node_modules/@expo/image-utils/node_modules/unique-string
171 silly REMOVE node_modules/expo-cli/node_modules/@expo/image-utils/node_modules/type-fest
172 silly REMOVE node_modules/expo-cli/node_modules/@expo/image-utils/node_modules/tempy
173 silly REMOVE node_modules/expo-cli/node_modules/@expo/image-utils/node_modules/temp-dir
174 silly REMOVE node_modules/expo-cli/node_modules/@expo/image-utils/node_modules/crypto-random-string
175 silly REMOVE node_modules/expo-cli/node_modules/@expo/dev-server
176 silly REMOVE node_modules/expo-cli/node_modules/@expo/config-types
177 silly REMOVE node_modules/expo-cli/node_modules/@expo/config-plugins
178 silly REMOVE node_modules/expo-cli/node_modules/@expo/config-plugins/node_modules/@expo/plist
179 silly REMOVE node_modules/expo-cli/node_modules/@expo/config-plugins/node_modules/@expo/json-file
180 silly REMOVE node_modules/expo-cli/node_modules/@expo/config-plugins/node_modules/semver
181 silly REMOVE node_modules/expo-cli/node_modules/@expo/config-plugins/node_modules/json5
182 silly REMOVE node_modules/expo-cli/node_modules/@expo/bunyan
183 silly REMOVE node_modules/expo-cli/node_modules/@expo/config
184 silly REMOVE node_modules/expo-cli/node_modules/@expo/config/node_modules/@expo/json-file
185 silly REMOVE node_modules/expo-cli/node_modules/@expo/config/node_modules/json5
186 silly REMOVE node_modules/expo-cli/node_modules/@expo/apple-utils
187 silly REMOVE node_modules/expo-cli/node_modules/@babel/traverse
188 silly REMOVE node_modules/expo-cli/node_modules/@babel/traverse/node_modules/@babel/code-frame
189 silly REMOVE node_modules/expo-cli/node_modules/@babel/types
190 silly REMOVE node_modules/expo-cli/node_modules/@babel/runtime
191 silly REMOVE node_modules/expo-cli/node_modules/@babel/template
192 silly REMOVE node_modules/expo-cli/node_modules/@babel/template/node_modules/@babel/code-frame
193 silly REMOVE node_modules/expo-cli/node_modules/@babel/parser
194 silly REMOVE node_modules/expo-cli/node_modules/@babel/highlight
195 silly REMOVE node_modules/expo-cli/node_modules/@babel/highlight/node_modules/supports-color
196 silly REMOVE node_modules/expo-cli/node_modules/@babel/highlight/node_modules/has-flag
197 silly REMOVE node_modules/expo-cli/node_modules/@babel/highlight/node_modules/color-convert
198 silly REMOVE node_modules/expo-cli/node_modules/@babel/highlight/node_modules/chalk
199 silly REMOVE node_modules/expo-cli/node_modules/@babel/highlight/node_modules/color-name
200 silly REMOVE node_modules/expo-cli/node_modules/@babel/highlight/node_modules/ansi-styles
201 silly REMOVE node_modules/expo-cli/node_modules/@babel/helpers
202 silly REMOVE node_modules/expo-cli/node_modules/@babel/helper-validator-option
203 silly REMOVE node_modules/expo-cli/node_modules/@babel/helper-validator-identifier
204 silly REMOVE node_modules/expo-cli/node_modules/@babel/helper-string-parser
205 silly REMOVE node_modules/expo-cli/node_modules/@babel/helper-split-export-declaration
206 silly REMOVE node_modules/expo-cli/node_modules/@babel/helper-simple-access
207 silly REMOVE node_modules/expo-cli/node_modules/@babel/helper-module-transforms
208 silly REMOVE node_modules/expo-cli/node_modules/@babel/helper-hoist-variables
209 silly REMOVE node_modules/expo-cli/node_modules/@babel/helper-module-imports
210 silly REMOVE node_modules/expo-cli/node_modules/@babel/helper-function-name
211 silly REMOVE node_modules/expo-cli/node_modules/@babel/helper-environment-visitor
212 silly REMOVE node_modules/expo-cli/node_modules/@babel/code-frame
213 silly REMOVE node_modules/expo-cli/node_modules/@babel/helper-compilation-targets
214 silly REMOVE node_modules/expo-cli/node_modules/@babel/helper-compilation-targets/node_modules/semver
215 silly REMOVE node_modules/expo-cli/node_modules/@babel/helper-compilation-targets/node_modules/yallist
216 silly REMOVE node_modules/expo-cli/node_modules/@babel/helper-compilation-targets/node_modules/lru-cache
217 silly REMOVE node_modules/expo-cli/node_modules/@babel/generator
218 silly REMOVE node_modules/expo-cli/node_modules/@babel/core
219 silly REMOVE node_modules/expo-cli/node_modules/@babel/core/node_modules/@babel/code-frame
220 silly REMOVE node_modules/expo-cli/node_modules/@babel/core/node_modules/semver
221 silly REMOVE node_modules/expo-cli/node_modules/@babel/compat-data
222 silly REMOVE node_modules/expo-cli/node_modules/@ampproject/remapping
223 silly REMOVE node_modules/expo-cli/node_modules/yocto-queue
224 silly REMOVE node_modules/expo-cli/node_modules/yaml
225 silly REMOVE node_modules/expo-cli/node_modules/yallist
226 silly REMOVE node_modules/expo-cli/node_modules/xmlbuilder
227 silly REMOVE node_modules/expo-cli/node_modules/xml2js
228 silly REMOVE node_modules/expo-cli/node_modules/xml2js/node_modules/xmlbuilder
229 silly REMOVE node_modules/expo-cli/node_modules/xdl
230 silly REMOVE node_modules/expo-cli/node_modules/xdl/node_modules/p-map
231 silly REMOVE node_modules/expo-cli/node_modules/xdl/node_modules/minimatch
232 silly REMOVE node_modules/expo-cli/node_modules/xdl/node_modules/bplist-parser
233 silly REMOVE node_modules/expo-cli/node_modules/xcode
234 silly REMOVE node_modules/expo-cli/node_modules/xcode/node_modules/uuid
235 silly REMOVE node_modules/expo-cli/node_modules/ws
236 silly REMOVE node_modules/expo-cli/node_modules/write-file-atomic
237 silly REMOVE node_modules/expo-cli/node_modules/wrappy
238 silly REMOVE node_modules/expo-cli/node_modules/wrap-ansi-cjs
239 silly REMOVE node_modules/expo-cli/node_modules/wrap-ansi
240 silly REMOVE node_modules/expo-cli/node_modules/with-open-file
241 silly REMOVE node_modules/expo-cli/node_modules/widest-line
242 silly REMOVE node_modules/expo-cli/node_modules/which-typed-array
243 silly REMOVE node_modules/expo-cli/node_modules/which-boxed-primitive
244 silly REMOVE node_modules/expo-cli/node_modules/which
245 silly REMOVE node_modules/expo-cli/node_modules/whatwg-url
246 silly REMOVE node_modules/expo-cli/node_modules/websocket-extensions
247 silly REMOVE node_modules/expo-cli/node_modules/websocket-driver
248 silly REMOVE node_modules/expo-cli/node_modules/webpack-sources
249 silly REMOVE node_modules/expo-cli/node_modules/webpack-manifest-plugin
250 silly REMOVE node_modules/expo-cli/node_modules/webpack-manifest-plugin/node_modules/webpack-sources
251 silly REMOVE node_modules/expo-cli/node_modules/webpack-dev-server
252 silly REMOVE node_modules/expo-cli/node_modules/webpack-dev-server/node_modules/@types/retry
253 silly REMOVE node_modules/expo-cli/node_modules/webpack-dev-server/node_modules/which
254 silly REMOVE node_modules/expo-cli/node_modules/webpack-dev-server/node_modules/statuses
255 silly REMOVE node_modules/expo-cli/node_modules/webpack-dev-server/node_modules/shebang-regex
256 silly REMOVE node_modules/expo-cli/node_modules/webpack-dev-server/node_modules/shebang-command
257 silly REMOVE node_modules/expo-cli/node_modules/webpack-dev-server/node_modules/serve-static
258 silly REMOVE node_modules/expo-cli/node_modules/webpack-dev-server/node_modules/send
259 silly REMOVE node_modules/expo-cli/node_modules/webpack-dev-server/node_modules/send/node_modules/ms
260 silly REMOVE node_modules/expo-cli/node_modules/webpack-dev-server/node_modules/schema-utils
261 silly REMOVE node_modules/expo-cli/node_modules/webpack-dev-server/node_modules/path-key
262 silly REMOVE node_modules/expo-cli/node_modules/webpack-dev-server/node_modules/retry
263 silly REMOVE node_modules/expo-cli/node_modules/webpack-dev-server/node_modules/safe-buffer
264 silly REMOVE node_modules/expo-cli/node_modules/webpack-dev-server/node_modules/p-retry
265 silly REMOVE node_modules/expo-cli/node_modules/webpack-dev-server/node_modules/onetime
266 silly REMOVE node_modules/expo-cli/node_modules/webpack-dev-server/node_modules/npm-run-path
267 silly REMOVE node_modules/expo-cli/node_modules/webpack-dev-server/node_modules/mime
268 silly REMOVE node_modules/expo-cli/node_modules/webpack-dev-server/node_modules/ms
269 silly REMOVE node_modules/expo-cli/node_modules/webpack-dev-server/node_modules/ipaddr.js
270 silly REMOVE node_modules/expo-cli/node_modules/webpack-dev-server/node_modules/execa
271 silly REMOVE node_modules/expo-cli/node_modules/webpack-dev-server/node_modules/mimic-fn
272 silly REMOVE node_modules/expo-cli/node_modules/webpack-dev-server/node_modules/get-stream
273 silly REMOVE node_modules/expo-cli/node_modules/webpack-dev-server/node_modules/finalhandler
274 silly REMOVE node_modules/expo-cli/node_modules/webpack-dev-server/node_modules/express
275 silly REMOVE node_modules/expo-cli/node_modules/webpack-dev-server/node_modules/default-gateway
276 silly REMOVE node_modules/expo-cli/node_modules/webpack-dev-server/node_modules/debug
277 silly REMOVE node_modules/expo-cli/node_modules/webpack-dev-server/node_modules/content-disposition
278 silly REMOVE node_modules/expo-cli/node_modules/webpack-dev-server/node_modules/cookie
279 silly REMOVE node_modules/expo-cli/node_modules/webpack-dev-server/node_modules/cross-spawn
280 silly REMOVE node_modules/expo-cli/node_modules/webpack-dev-server/node_modules/ajv-keywords
281 silly REMOVE node_modules/expo-cli/node_modules/webpack-dev-middleware
282 silly REMOVE node_modules/expo-cli/node_modules/webpack-dev-middleware/node_modules/ajv-keywords
283 silly REMOVE node_modules/expo-cli/node_modules/webpack-dev-middleware/node_modules/schema-utils
284 silly REMOVE node_modules/expo-cli/node_modules/webpack
285 silly REMOVE node_modules/expo-cli/node_modules/webpack/node_modules/schema-utils
286 silly REMOVE node_modules/expo-cli/node_modules/webpack/node_modules/json-schema-traverse
287 silly REMOVE node_modules/expo-cli/node_modules/webpack/node_modules/ajv
288 silly REMOVE node_modules/expo-cli/node_modules/webidl-conversions
289 silly REMOVE node_modules/expo-cli/node_modules/wcwidth
290 silly REMOVE node_modules/expo-cli/node_modules/wbuf
291 silly REMOVE node_modules/expo-cli/node_modules/watchpack
292 silly REMOVE node_modules/expo-cli/node_modules/vary
293 silly REMOVE node_modules/expo-cli/node_modules/validate-npm-package-name
294 silly REMOVE node_modules/expo-cli/node_modules/valid-url
295 silly REMOVE node_modules/expo-cli/node_modules/uuid
296 silly REMOVE node_modules/expo-cli/node_modules/utils-merge
297 silly REMOVE node_modules/expo-cli/node_modules/utila
298 silly REMOVE node_modules/expo-cli/node_modules/util-deprecate
299 silly REMOVE node_modules/expo-cli/node_modules/url-parse-lax
300 silly REMOVE node_modules/expo-cli/node_modules/url-parse-lax/node_modules/prepend-http
301 silly REMOVE node_modules/expo-cli/node_modules/url-parse
302 silly REMOVE node_modules/expo-cli/node_modules/url-join
303 silly REMOVE node_modules/expo-cli/node_modules/uri-js
304 silly REMOVE node_modules/expo-cli/node_modules/update-check
305 silly REMOVE node_modules/expo-cli/node_modules/update-check/node_modules/registry-url
306 silly REMOVE node_modules/expo-cli/node_modules/update-check/node_modules/registry-auth-token
307 silly REMOVE node_modules/expo-cli/node_modules/update-browserslist-db
308 silly REMOVE node_modules/expo-cli/node_modules/untildify
309 silly REMOVE node_modules/expo-cli/node_modules/unpipe
310 silly REMOVE node_modules/expo-cli/node_modules/universalify
311 silly REMOVE node_modules/expo-cli/node_modules/unique-string
312 silly REMOVE node_modules/expo-cli/node_modules/unique-slug
313 silly REMOVE node_modules/expo-cli/node_modules/unique-filename
314 silly REMOVE node_modules/expo-cli/node_modules/undici-types
315 silly REMOVE node_modules/expo-cli/node_modules/unbox-primitive
316 silly REMOVE node_modules/expo-cli/node_modules/typedarray.prototype.slice
317 silly REMOVE node_modules/expo-cli/node_modules/typedarray
318 silly REMOVE node_modules/expo-cli/node_modules/typed-array-length
319 silly REMOVE node_modules/expo-cli/node_modules/typed-array-byte-offset
320 silly REMOVE node_modules/expo-cli/node_modules/typed-array-byte-length
321 silly REMOVE node_modules/expo-cli/node_modules/typed-array-buffer
322 silly REMOVE node_modules/expo-cli/node_modules/type-is
323 silly REMOVE node_modules/expo-cli/node_modules/type-fest
324 silly REMOVE node_modules/expo-cli/node_modules/turndown
325 silly REMOVE node_modules/expo-cli/node_modules/tslib
326 silly REMOVE node_modules/expo-cli/node_modules/ts-interface-checker
327 silly REMOVE node_modules/expo-cli/node_modules/tree-kill
328 silly REMOVE node_modules/expo-cli/node_modules/traverse
329 silly REMOVE node_modules/expo-cli/node_modules/tr46
330 silly REMOVE node_modules/expo-cli/node_modules/toidentifier
331 silly REMOVE node_modules/expo-cli/node_modules/to-regex-range
332 silly REMOVE node_modules/expo-cli/node_modules/to-readable-stream
333 silly REMOVE node_modules/expo-cli/node_modules/to-fast-properties
334 silly REMOVE node_modules/expo-cli/node_modules/tmp
335 silly REMOVE node_modules/expo-cli/node_modules/thunky
336 silly REMOVE node_modules/expo-cli/node_modules/through
337 silly REMOVE node_modules/expo-cli/node_modules/thenify-all
338 silly REMOVE node_modules/expo-cli/node_modules/thenify
339 silly REMOVE node_modules/expo-cli/node_modules/text-table
340 silly REMOVE node_modules/expo-cli/node_modules/terser-webpack-plugin
341 silly REMOVE node_modules/expo-cli/node_modules/terser-webpack-plugin/node_modules/schema-utils
342 silly REMOVE node_modules/expo-cli/node_modules/terser-webpack-plugin/node_modules/json-schema-traverse
343 silly REMOVE node_modules/expo-cli/node_modules/terser-webpack-plugin/node_modules/ajv
344 silly REMOVE node_modules/expo-cli/node_modules/terser
345 silly REMOVE node_modules/expo-cli/node_modules/terser/node_modules/source-map-support
346 silly REMOVE node_modules/expo-cli/node_modules/terser/node_modules/commander
347 silly REMOVE node_modules/expo-cli/node_modules/terminal-link
348 silly REMOVE node_modules/expo-cli/node_modules/tempy
349 silly REMOVE node_modules/expo-cli/node_modules/tempy/node_modules/type-fest
350 silly REMOVE node_modules/expo-cli/node_modules/temp-dir
351 silly REMOVE node_modules/expo-cli/node_modules/tapable
352 silly REMOVE node_modules/expo-cli/node_modules/tar
353 silly REMOVE node_modules/expo-cli/node_modules/tar/node_modules/minipass
354 silly REMOVE node_modules/expo-cli/node_modules/svgo
355 silly REMOVE node_modules/expo-cli/node_modules/svgo/node_modules/commander
356 silly REMOVE node_modules/expo-cli/node_modules/supports-hyperlinks
357 silly REMOVE node_modules/expo-cli/node_modules/sucrase
358 silly REMOVE node_modules/expo-cli/node_modules/sucrase/node_modules/minimatch
359 silly REMOVE node_modules/expo-cli/node_modules/sucrase/node_modules/minipass
360 silly REMOVE node_modules/expo-cli/node_modules/sucrase/node_modules/brace-expansion
361 silly REMOVE node_modules/expo-cli/node_modules/sucrase/node_modules/glob
362 silly REMOVE node_modules/expo-cli/node_modules/sucrase/node_modules/commander
363 silly REMOVE node_modules/expo-cli/node_modules/supports-color
364 silly REMOVE node_modules/expo-cli/node_modules/sudo-prompt
365 silly REMOVE node_modules/expo-cli/node_modules/stylehacks
366 silly REMOVE node_modules/expo-cli/node_modules/style-loader
367 silly REMOVE node_modules/expo-cli/node_modules/strip-eof
368 silly REMOVE node_modules/expo-cli/node_modules/strip-final-newline
369 silly REMOVE node_modules/expo-cli/node_modules/strip-json-comments
370 silly REMOVE node_modules/expo-cli/node_modules/strip-ansi-cjs
371 silly REMOVE node_modules/expo-cli/node_modules/strip-ansi
372 silly REMOVE node_modules/expo-cli/node_modules/string_decoder
373 silly REMOVE node_modules/expo-cli/node_modules/string.prototype.trimend
374 silly REMOVE node_modules/expo-cli/node_modules/string.prototype.trimstart
375 silly REMOVE node_modules/expo-cli/node_modules/string.prototype.trim
376 silly REMOVE node_modules/expo-cli/node_modules/string-width-cjs
377 silly REMOVE node_modules/expo-cli/node_modules/statuses
378 silly REMOVE node_modules/expo-cli/node_modules/stream-buffers
379 silly REMOVE node_modules/expo-cli/node_modules/stream-parser
380 silly REMOVE node_modules/expo-cli/node_modules/stream-parser/node_modules/ms
381 silly REMOVE node_modules/expo-cli/node_modules/stream-parser/node_modules/debug
382 silly REMOVE node_modules/expo-cli/node_modules/string-width
383 silly REMOVE node_modules/expo-cli/node_modules/stable
384 silly REMOVE node_modules/expo-cli/node_modules/ssri
385 silly REMOVE node_modules/expo-cli/node_modules/sprintf-js
386 silly REMOVE node_modules/expo-cli/node_modules/split
387 silly REMOVE node_modules/expo-cli/node_modules/spdy-transport
388 silly REMOVE node_modules/expo-cli/node_modules/spdy-transport/node_modules/readable-stream
389 silly REMOVE node_modules/expo-cli/node_modules/spdy
390 silly REMOVE node_modules/expo-cli/node_modules/source-map-support
391 silly REMOVE node_modules/expo-cli/node_modules/source-map-support/node_modules/source-map
392 silly REMOVE node_modules/expo-cli/node_modules/source-map-loader
393 silly REMOVE node_modules/expo-cli/node_modules/source-map-loader/node_modules/iconv-lite
394 silly REMOVE node_modules/expo-cli/node_modules/source-map-js
395 silly REMOVE node_modules/expo-cli/node_modules/source-map
396 silly REMOVE node_modules/expo-cli/node_modules/source-list-map
397 silly REMOVE node_modules/expo-cli/node_modules/sockjs
398 silly REMOVE node_modules/expo-cli/node_modules/slugify
399 silly REMOVE node_modules/expo-cli/node_modules/slash
400 silly REMOVE node_modules/expo-cli/node_modules/sisteransi
401 silly REMOVE node_modules/expo-cli/node_modules/simple-plist
402 silly REMOVE node_modules/expo-cli/node_modules/simple-plist/node_modules/bplist-parser
403 silly REMOVE node_modules/expo-cli/node_modules/signal-exit
404 silly REMOVE node_modules/expo-cli/node_modules/side-channel
405 silly REMOVE node_modules/expo-cli/node_modules/shebang-command
406 silly REMOVE node_modules/expo-cli/node_modules/shell-quote
407 silly REMOVE node_modules/expo-cli/node_modules/shebang-regex
408 silly REMOVE node_modules/expo-cli/node_modules/setprototypeof
409 silly REMOVE node_modules/expo-cli/node_modules/set-function-name
410 silly REMOVE node_modules/expo-cli/node_modules/set-function-length
411 silly REMOVE node_modules/expo-cli/node_modules/serve-static
412 silly REMOVE node_modules/expo-cli/node_modules/serialize-error
413 silly REMOVE node_modules/expo-cli/node_modules/serialize-error/node_modules/type-fest
414 silly REMOVE node_modules/expo-cli/node_modules/serve-index
415 silly REMOVE node_modules/expo-cli/node_modules/serve-index/node_modules/ms
416 silly REMOVE node_modules/expo-cli/node_modules/serve-index/node_modules/setprototypeof
417 silly REMOVE node_modules/expo-cli/node_modules/serve-index/node_modules/inherits
418 silly REMOVE node_modules/expo-cli/node_modules/serve-index/node_modules/http-errors
419 silly REMOVE node_modules/expo-cli/node_modules/serve-index/node_modules/depd
420 silly REMOVE node_modules/expo-cli/node_modules/serve-index/node_modules/debug
421 silly REMOVE node_modules/expo-cli/node_modules/serialize-javascript
422 silly REMOVE node_modules/expo-cli/node_modules/semver
423 silly REMOVE node_modules/expo-cli/node_modules/send
424 silly REMOVE node_modules/expo-cli/node_modules/send/node_modules/statuses
425 silly REMOVE node_modules/expo-cli/node_modules/send/node_modules/setprototypeof
426 silly REMOVE node_modules/expo-cli/node_modules/send/node_modules/on-finished
427 silly REMOVE node_modules/expo-cli/node_modules/send/node_modules/ms
428 silly REMOVE node_modules/expo-cli/node_modules/send/node_modules/mime
429 silly REMOVE node_modules/expo-cli/node_modules/send/node_modules/inherits
430 silly REMOVE node_modules/expo-cli/node_modules/send/node_modules/http-errors
431 silly REMOVE node_modules/expo-cli/node_modules/send/node_modules/destroy
432 silly REMOVE node_modules/expo-cli/node_modules/send/node_modules/depd
433 silly REMOVE node_modules/expo-cli/node_modules/send/node_modules/debug
434 silly REMOVE node_modules/expo-cli/node_modules/selfsigned
435 silly REMOVE node_modules/expo-cli/node_modules/selfsigned/node_modules/node-forge
436 silly REMOVE node_modules/expo-cli/node_modules/select-hose
437 silly REMOVE node_modules/expo-cli/node_modules/schema-utils
438 silly REMOVE node_modules/expo-cli/node_modules/schema-utils/node_modules/json-schema-traverse
439 silly REMOVE node_modules/expo-cli/node_modules/schema-utils/node_modules/ajv
440 silly REMOVE node_modules/expo-cli/node_modules/safe-regex-test
441 silly REMOVE node_modules/expo-cli/node_modules/sax
442 silly REMOVE node_modules/expo-cli/node_modules/safer-buffer
443 silly REMOVE node_modules/expo-cli/node_modules/safe-json-stringify
444 silly REMOVE node_modules/expo-cli/node_modules/safe-buffer
445 silly REMOVE node_modules/expo-cli/node_modules/safe-array-concat
446 silly REMOVE node_modules/expo-cli/node_modules/safe-array-concat/node_modules/isarray
447 silly REMOVE node_modules/expo-cli/node_modules/run-parallel
448 silly REMOVE node_modules/expo-cli/node_modules/rimraf
449 silly REMOVE node_modules/expo-cli/node_modules/router-ips
450 silly REMOVE node_modules/expo-cli/node_modules/reusify
451 silly REMOVE node_modules/expo-cli/node_modules/responselike
452 silly REMOVE node_modules/expo-cli/node_modules/retry
453 silly REMOVE node_modules/expo-cli/node_modules/restore-cursor
454 silly REMOVE node_modules/expo-cli/node_modules/resolve-from
455 silly REMOVE node_modules/expo-cli/node_modules/resolve-alpn
456 silly REMOVE node_modules/expo-cli/node_modules/resolve
457 silly REMOVE node_modules/expo-cli/node_modules/requireg
458 silly REMOVE node_modules/expo-cli/node_modules/requires-port
459 silly REMOVE node_modules/expo-cli/node_modules/require-from-string
460 silly REMOVE node_modules/expo-cli/node_modules/renderkid
461 silly REMOVE node_modules/expo-cli/node_modules/remove-trailing-slash
462 silly REMOVE node_modules/expo-cli/node_modules/registry-auth-token
463 silly REMOVE node_modules/expo-cli/node_modules/relateurl
464 silly REMOVE node_modules/expo-cli/node_modules/registry-url
465 silly REMOVE node_modules/expo-cli/node_modules/regexp.prototype.flags
466 silly REMOVE node_modules/expo-cli/node_modules/regenerator-runtime
467 silly REMOVE node_modules/expo-cli/node_modules/readdirp
468 silly REMOVE node_modules/expo-cli/node_modules/read-last-lines
469 silly REMOVE node_modules/expo-cli/node_modules/readable-stream
470 silly REMOVE node_modules/expo-cli/node_modules/read-chunk
471 silly REMOVE node_modules/expo-cli/node_modules/rc
472 silly REMOVE node_modules/expo-cli/node_modules/raw-body
473 silly REMOVE node_modules/expo-cli/node_modules/randombytes
474 silly REMOVE node_modules/expo-cli/node_modules/quick-lru
475 silly REMOVE node_modules/expo-cli/node_modules/range-parser
476 silly REMOVE node_modules/expo-cli/node_modules/queue-microtask
477 silly REMOVE node_modules/expo-cli/node_modules/querystringify
478 silly REMOVE node_modules/expo-cli/node_modules/qrcode-terminal
479 silly REMOVE node_modules/expo-cli/node_modules/punycode
480 silly REMOVE node_modules/expo-cli/node_modules/qs
481 silly REMOVE node_modules/expo-cli/node_modules/pump
482 silly REMOVE node_modules/expo-cli/node_modules/proxy-addr
483 silly REMOVE node_modules/expo-cli/node_modules/prompts
484 silly REMOVE node_modules/expo-cli/node_modules/promise-inflight
485 silly REMOVE node_modules/expo-cli/node_modules/progress
486 silly REMOVE node_modules/expo-cli/node_modules/process-nextick-args
487 silly REMOVE node_modules/expo-cli/node_modules/pretty-error
488 silly REMOVE node_modules/expo-cli/node_modules/pretty-bytes
489 silly REMOVE node_modules/expo-cli/node_modules/probe-image-size
490 silly REMOVE node_modules/expo-cli/node_modules/prepend-http
491 silly REMOVE node_modules/expo-cli/node_modules/postcss-value-parser
492 silly REMOVE node_modules/expo-cli/node_modules/postcss-selector-parser
493 silly REMOVE node_modules/expo-cli/node_modules/postcss-unique-selectors
494 silly REMOVE node_modules/expo-cli/node_modules/postcss-svgo
495 silly REMOVE node_modules/expo-cli/node_modules/postcss-ordered-values
496 silly REMOVE node_modules/expo-cli/node_modules/postcss-reduce-initial
497 silly REMOVE node_modules/expo-cli/node_modules/postcss-reduce-transforms
498 silly REMOVE node_modules/expo-cli/node_modules/postcss-normalize-whitespace
499 silly REMOVE node_modules/expo-cli/node_modules/postcss-normalize-unicode
500 silly REMOVE node_modules/expo-cli/node_modules/postcss-normalize-url
501 silly REMOVE node_modules/expo-cli/node_modules/postcss-normalize-repeat-style
502 silly REMOVE node_modules/expo-cli/node_modules/postcss-normalize-string
503 silly REMOVE node_modules/expo-cli/node_modules/postcss-normalize-timing-functions
504 silly REMOVE node_modules/expo-cli/node_modules/postcss-modules-values
505 silly REMOVE node_modules/expo-cli/node_modules/postcss-normalize-positions
506 silly REMOVE node_modules/expo-cli/node_modules/postcss-normalize-display-values
507 silly REMOVE node_modules/expo-cli/node_modules/postcss-modules-scope
508 silly REMOVE node_modules/expo-cli/node_modules/postcss-normalize-charset
509 silly REMOVE node_modules/expo-cli/node_modules/postcss-modules-extract-imports
510 silly REMOVE node_modules/expo-cli/node_modules/postcss-modules-local-by-default
511 silly REMOVE node_modules/expo-cli/node_modules/postcss-minify-selectors
512 silly REMOVE node_modules/expo-cli/node_modules/postcss-minify-params
513 silly REMOVE node_modules/expo-cli/node_modules/postcss-minify-gradients
514 silly REMOVE node_modules/expo-cli/node_modules/postcss-minify-font-values
515 silly REMOVE node_modules/expo-cli/node_modules/postcss-merge-rules
516 silly REMOVE node_modules/expo-cli/node_modules/postcss-merge-longhand
517 silly REMOVE node_modules/expo-cli/node_modules/postcss-discard-overridden
518 silly REMOVE node_modules/expo-cli/node_modules/postcss-discard-empty
519 silly REMOVE node_modules/expo-cli/node_modules/postcss-discard-duplicates
520 silly REMOVE node_modules/expo-cli/node_modules/postcss-discard-comments
521 silly REMOVE node_modules/expo-cli/node_modules/postcss-convert-values
522 silly REMOVE node_modules/expo-cli/node_modules/postcss-calc
523 silly REMOVE node_modules/expo-cli/node_modules/postcss-colormin
524 silly REMOVE node_modules/expo-cli/node_modules/postcss
525 silly REMOVE node_modules/expo-cli/node_modules/possible-typed-array-names
526 silly REMOVE node_modules/expo-cli/node_modules/pngjs
527 silly REMOVE node_modules/expo-cli/node_modules/pkg-dir
528 silly REMOVE node_modules/expo-cli/node_modules/pkg-dir/node_modules/p-locate
529 silly REMOVE node_modules/expo-cli/node_modules/pkg-dir/node_modules/p-limit
530 silly REMOVE node_modules/expo-cli/node_modules/pkg-dir/node_modules/locate-path
531 silly REMOVE node_modules/expo-cli/node_modules/pkg-dir/node_modules/find-up
532 silly REMOVE node_modules/expo-cli/node_modules/pirates
533 silly REMOVE node_modules/expo-cli/node_modules/plist
534 silly REMOVE node_modules/expo-cli/node_modules/plist/node_modules/@xmldom/xmldom
535 silly REMOVE node_modules/expo-cli/node_modules/plist/node_modules/xmlbuilder
536 silly REMOVE node_modules/expo-cli/node_modules/pinkie-promise
537 silly REMOVE node_modules/expo-cli/node_modules/pinkie
538 silly REMOVE node_modules/expo-cli/node_modules/pify
539 silly REMOVE node_modules/expo-cli/node_modules/picomatch
540 silly REMOVE node_modules/expo-cli/node_modules/picocolors
541 silly REMOVE node_modules/expo-cli/node_modules/path-type
542 silly REMOVE node_modules/expo-cli/node_modules/path-scurry
543 silly REMOVE node_modules/expo-cli/node_modules/path-scurry/node_modules/lru-cache
544 silly REMOVE node_modules/expo-cli/node_modules/path-scurry/node_modules/minipass
545 silly REMOVE node_modules/expo-cli/node_modules/path-to-regexp
546 silly REMOVE node_modules/expo-cli/node_modules/path-parse
547 silly REMOVE node_modules/expo-cli/node_modules/path-key
548 silly REMOVE node_modules/expo-cli/node_modules/path-is-inside
549 silly REMOVE node_modules/expo-cli/node_modules/path-is-absolute
550 silly REMOVE node_modules/expo-cli/node_modules/path-exists
551 silly REMOVE node_modules/expo-cli/node_modules/password-prompt
552 silly REMOVE node_modules/expo-cli/node_modules/password-prompt/node_modules/shebang-regex
553 silly REMOVE node_modules/expo-cli/node_modules/password-prompt/node_modules/path-key
554 silly REMOVE node_modules/expo-cli/node_modules/password-prompt/node_modules/which
555 silly REMOVE node_modules/expo-cli/node_modules/password-prompt/node_modules/shebang-command
556 silly REMOVE node_modules/expo-cli/node_modules/password-prompt/node_modules/cross-spawn
557 silly REMOVE node_modules/expo-cli/node_modules/pascal-case
558 silly REMOVE node_modules/expo-cli/node_modules/package-json
559 silly REMOVE node_modules/expo-cli/node_modules/package-json/node_modules/@szmarczak/http-timer
560 silly REMOVE node_modules/expo-cli/node_modules/package-json/node_modules/@sindresorhus/is
561 silly REMOVE node_modules/expo-cli/node_modules/package-json/node_modules/semver
562 silly REMOVE node_modules/expo-cli/node_modules/package-json/node_modules/p-cancelable
563 silly REMOVE node_modules/expo-cli/node_modules/package-json/node_modules/responselike
564 silly REMOVE node_modules/expo-cli/node_modules/package-json/node_modules/responselike/node_modules/lowercase-keys
565 silly REMOVE node_modules/expo-cli/node_modules/package-json/node_modules/keyv
566 silly REMOVE node_modules/expo-cli/node_modules/package-json/node_modules/normalize-url
567 silly REMOVE node_modules/expo-cli/node_modules/package-json/node_modules/json-buffer
568 silly REMOVE node_modules/expo-cli/node_modules/package-json/node_modules/defer-to-connect
569 silly REMOVE node_modules/expo-cli/node_modules/package-json/node_modules/got
570 silly REMOVE node_modules/expo-cli/node_modules/package-json/node_modules/got/node_modules/get-stream
571 silly REMOVE node_modules/expo-cli/node_modules/package-json/node_modules/got/node_modules/lowercase-keys
572 silly REMOVE node_modules/expo-cli/node_modules/package-json/node_modules/decompress-response
573 silly REMOVE node_modules/expo-cli/node_modules/package-json/node_modules/cacheable-request
574 silly REMOVE node_modules/expo-cli/node_modules/parseurl
575 silly REMOVE node_modules/expo-cli/node_modules/parse-png
576 silly REMOVE node_modules/expo-cli/node_modules/param-case
577 silly REMOVE node_modules/expo-cli/node_modules/p-try
578 silly REMOVE node_modules/expo-cli/node_modules/p-timeout
579 silly REMOVE node_modules/expo-cli/node_modules/p-some
580 silly REMOVE node_modules/expo-cli/node_modules/p-retry
581 silly REMOVE node_modules/expo-cli/node_modules/p-locate
582 silly REMOVE node_modules/expo-cli/node_modules/p-map
583 silly REMOVE node_modules/expo-cli/node_modules/p-limit
584 silly REMOVE node_modules/expo-cli/node_modules/p-cancelable
585 silly REMOVE node_modules/expo-cli/node_modules/p-finally
586 silly REMOVE node_modules/expo-cli/node_modules/p-any
587 silly REMOVE node_modules/expo-cli/node_modules/p-any/node_modules/type-fest
588 silly REMOVE node_modules/expo-cli/node_modules/osenv
589 silly REMOVE node_modules/expo-cli/node_modules/os-homedir
590 silly REMOVE node_modules/expo-cli/node_modules/ora
591 silly REMOVE node_modules/expo-cli/node_modules/ora/node_modules/supports-color
592 silly REMOVE node_modules/expo-cli/node_modules/ora/node_modules/strip-ansi
593 silly REMOVE node_modules/expo-cli/node_modules/ora/node_modules/has-flag
594 silly REMOVE node_modules/expo-cli/node_modules/ora/node_modules/color-name
595 silly REMOVE node_modules/expo-cli/node_modules/ora/node_modules/color-convert
596 silly REMOVE node_modules/expo-cli/node_modules/ora/node_modules/chalk
597 silly REMOVE node_modules/expo-cli/node_modules/ora/node_modules/ansi-styles
598 silly REMOVE node_modules/expo-cli/node_modules/ora/node_modules/ansi-regex
599 silly REMOVE node_modules/expo-cli/node_modules/os-tmpdir
600 silly REMOVE node_modules/expo-cli/node_modules/open
601 silly REMOVE node_modules/expo-cli/node_modules/once
602 silly REMOVE node_modules/expo-cli/node_modules/onetime
603 silly REMOVE node_modules/expo-cli/node_modules/on-finished
604 silly REMOVE node_modules/expo-cli/node_modules/on-headers
605 silly REMOVE node_modules/expo-cli/node_modules/obuf
606 silly REMOVE node_modules/expo-cli/node_modules/object.assign
607 silly REMOVE node_modules/expo-cli/node_modules/object-keys
608 silly REMOVE node_modules/expo-cli/node_modules/object-inspect
609 silly REMOVE node_modules/expo-cli/node_modules/object-assign
610 silly REMOVE node_modules/expo-cli/node_modules/nullthrows
611 silly REMOVE node_modules/expo-cli/node_modules/nth-check
612 silly REMOVE node_modules/expo-cli/node_modules/normalize-url
613 silly REMOVE node_modules/expo-cli/node_modules/npm-package-arg
614 silly REMOVE node_modules/expo-cli/node_modules/npm-package-arg/node_modules/semver
615 silly REMOVE node_modules/expo-cli/node_modules/npm-run-path
616 silly REMOVE node_modules/expo-cli/node_modules/normalize-path
617 silly REMOVE node_modules/expo-cli/node_modules/node-releases
618 silly REMOVE node_modules/expo-cli/node_modules/node-html-parser
619 silly REMOVE node_modules/expo-cli/node_modules/node-fetch
620 silly REMOVE node_modules/expo-cli/node_modules/node-forge
621 silly REMOVE node_modules/expo-cli/node_modules/no-case
622 silly REMOVE node_modules/expo-cli/node_modules/nice-try
623 silly REMOVE node_modules/expo-cli/node_modules/nested-error-stacks
624 silly REMOVE node_modules/expo-cli/node_modules/neo-async
625 silly REMOVE node_modules/expo-cli/node_modules/needle
626 silly REMOVE node_modules/expo-cli/node_modules/needle/node_modules/debug
627 silly REMOVE node_modules/expo-cli/node_modules/negotiator
628 silly REMOVE node_modules/expo-cli/node_modules/ncp
629 silly REMOVE node_modules/expo-cli/node_modules/multicast-dns
630 silly REMOVE node_modules/expo-cli/node_modules/nanoid
631 silly REMOVE node_modules/expo-cli/node_modules/mz
632 silly REMOVE node_modules/expo-cli/node_modules/mv
633 silly REMOVE node_modules/expo-cli/node_modules/mv/node_modules/rimraf
634 silly REMOVE node_modules/expo-cli/node_modules/mv/node_modules/mkdirp
635 silly REMOVE node_modules/expo-cli/node_modules/mv/node_modules/glob
636 silly REMOVE node_modules/expo-cli/node_modules/ms
637 silly REMOVE node_modules/expo-cli/node_modules/minizlib
638 silly REMOVE node_modules/expo-cli/node_modules/mkdirp
639 silly REMOVE node_modules/expo-cli/node_modules/minipass-flush
640 silly REMOVE node_modules/expo-cli/node_modules/minipass-pipeline
641 silly REMOVE node_modules/expo-cli/node_modules/minipass-collect
642 silly REMOVE node_modules/expo-cli/node_modules/minipass
643 silly REMOVE node_modules/expo-cli/node_modules/minimatch
644 silly REMOVE node_modules/expo-cli/node_modules/minimist
645 silly REMOVE node_modules/expo-cli/node_modules/minimalistic-assert
646 silly REMOVE node_modules/expo-cli/node_modules/mini-css-extract-plugin
647 silly REMOVE node_modules/expo-cli/node_modules/mini-css-extract-plugin/node_modules/ajv-keywords
648 silly REMOVE node_modules/expo-cli/node_modules/mini-css-extract-plugin/node_modules/schema-utils
649 silly REMOVE node_modules/expo-cli/node_modules/mimic-response
650 silly REMOVE node_modules/expo-cli/node_modules/mime-db
651 silly REMOVE node_modules/expo-cli/node_modules/mimic-fn
652 silly REMOVE node_modules/expo-cli/node_modules/mime-types
653 silly REMOVE node_modules/expo-cli/node_modules/mime
654 silly REMOVE node_modules/expo-cli/node_modules/micromatch
655 silly REMOVE node_modules/expo-cli/node_modules/merge2
656 silly REMOVE node_modules/expo-cli/node_modules/merge-descriptors
657 silly REMOVE node_modules/expo-cli/node_modules/methods
658 silly REMOVE node_modules/expo-cli/node_modules/merge-stream
659 silly REMOVE node_modules/expo-cli/node_modules/memory-cache
660 silly REMOVE node_modules/expo-cli/node_modules/memfs
661 silly REMOVE node_modules/expo-cli/node_modules/media-typer
662 silly REMOVE node_modules/expo-cli/node_modules/mdn-data
663 silly REMOVE node_modules/expo-cli/node_modules/md5hex
664 silly REMOVE node_modules/expo-cli/node_modules/md5
665 silly REMOVE node_modules/expo-cli/node_modules/make-dir
666 silly REMOVE node_modules/expo-cli/node_modules/make-dir/node_modules/semver
667 silly REMOVE node_modules/expo-cli/node_modules/lower-case
668 silly REMOVE node_modules/expo-cli/node_modules/lru-cache
669 silly REMOVE node_modules/expo-cli/node_modules/lowercase-keys
670 silly REMOVE node_modules/expo-cli/node_modules/log-symbols
671 silly REMOVE node_modules/expo-cli/node_modules/log-symbols/node_modules/supports-color
672 silly REMOVE node_modules/expo-cli/node_modules/log-symbols/node_modules/has-flag
673 silly REMOVE node_modules/expo-cli/node_modules/log-symbols/node_modules/color-name
674 silly REMOVE node_modules/expo-cli/node_modules/log-symbols/node_modules/color-convert
675 silly REMOVE node_modules/expo-cli/node_modules/log-symbols/node_modules/ansi-styles
676 silly REMOVE node_modules/expo-cli/node_modules/log-symbols/node_modules/chalk
677 silly REMOVE node_modules/expo-cli/node_modules/lodash.uniq
678 silly REMOVE node_modules/expo-cli/node_modules/lodash.merge
679 silly REMOVE node_modules/expo-cli/node_modules/lodash
680 silly REMOVE node_modules/expo-cli/node_modules/lodash.memoize
681 silly REMOVE node_modules/expo-cli/node_modules/locate-path
682 silly REMOVE node_modules/expo-cli/node_modules/loader-utils
683 silly REMOVE node_modules/expo-cli/node_modules/loader-runner
684 silly REMOVE node_modules/expo-cli/node_modules/lilconfig
685 silly REMOVE node_modules/expo-cli/node_modules/lines-and-columns
686 silly REMOVE node_modules/expo-cli/node_modules/leven
687 silly REMOVE node_modules/expo-cli/node_modules/latest-version
688 silly REMOVE node_modules/expo-cli/node_modules/launch-editor
689 silly REMOVE node_modules/expo-cli/node_modules/keyv
690 silly REMOVE node_modules/expo-cli/node_modules/kleur
691 silly REMOVE node_modules/expo-cli/node_modules/keychain
692 silly REMOVE node_modules/expo-cli/node_modules/jsonfile
693 silly REMOVE node_modules/expo-cli/node_modules/jsonfile/node_modules/universalify
694 silly REMOVE node_modules/expo-cli/node_modules/json5
695 silly REMOVE node_modules/expo-cli/node_modules/json-parse-even-better-errors
696 silly REMOVE node_modules/expo-cli/node_modules/json-schema-traverse
697 silly REMOVE node_modules/expo-cli/node_modules/json-schema-deref-sync
698 silly REMOVE node_modules/expo-cli/node_modules/json-schema-deref-sync/node_modules/md5
699 silly REMOVE node_modules/expo-cli/node_modules/json-schema-deref-sync/node_modules/clone
700 silly REMOVE node_modules/expo-cli/node_modules/json-buffer
701 silly REMOVE node_modules/expo-cli/node_modules/jsesc
702 silly REMOVE node_modules/expo-cli/node_modules/js-yaml
703 silly REMOVE node_modules/expo-cli/node_modules/joi
704 silly REMOVE node_modules/expo-cli/node_modules/js-tokens
705 silly REMOVE node_modules/expo-cli/node_modules/join-component
706 silly REMOVE node_modules/expo-cli/node_modules/jimp-compact
707 silly REMOVE node_modules/expo-cli/node_modules/jest-worker
708 silly REMOVE node_modules/expo-cli/node_modules/jest-worker/node_modules/supports-color
709 silly REMOVE node_modules/expo-cli/node_modules/jackspeak
710 silly REMOVE node_modules/expo-cli/node_modules/isarray
711 silly REMOVE node_modules/expo-cli/node_modules/isexe
712 silly REMOVE node_modules/expo-cli/node_modules/is-weakref
713 silly REMOVE node_modules/expo-cli/node_modules/is-wsl
714 silly REMOVE node_modules/expo-cli/node_modules/is-valid-path
715 silly REMOVE node_modules/expo-cli/node_modules/is-string
716 silly REMOVE node_modules/expo-cli/node_modules/is-typed-array
717 silly REMOVE node_modules/expo-cli/node_modules/is-stream
718 silly REMOVE node_modules/expo-cli/node_modules/is-shared-array-buffer
719 silly REMOVE node_modules/expo-cli/node_modules/is-symbol
720 silly REMOVE node_modules/expo-cli/node_modules/is-root
721 silly REMOVE node_modules/expo-cli/node_modules/is-reachable
722 silly REMOVE node_modules/expo-cli/node_modules/is-reachable/node_modules/@sindresorhus/is
723 silly REMOVE node_modules/expo-cli/node_modules/is-reachable/node_modules/@szmarczak/http-timer
724 silly REMOVE node_modules/expo-cli/node_modules/is-reachable/node_modules/responselike
725 silly REMOVE node_modules/expo-cli/node_modules/is-reachable/node_modules/responselike/node_modules/lowercase-keys
726 silly REMOVE node_modules/expo-cli/node_modules/is-reachable/node_modules/p-timeout
727 silly REMOVE node_modules/expo-cli/node_modules/is-reachable/node_modules/p-cancelable
728 silly REMOVE node_modules/expo-cli/node_modules/is-reachable/node_modules/normalize-url
729 silly REMOVE node_modules/expo-cli/node_modules/is-reachable/node_modules/keyv
730 silly REMOVE node_modules/expo-cli/node_modules/is-reachable/node_modules/got
731 silly REMOVE node_modules/expo-cli/node_modules/is-reachable/node_modules/got/node_modules/lowercase-keys
732 silly REMOVE node_modules/expo-cli/node_modules/is-reachable/node_modules/got/node_modules/get-stream
733 silly REMOVE node_modules/expo-cli/node_modules/is-reachable/node_modules/json-buffer
734 silly REMOVE node_modules/expo-cli/node_modules/is-reachable/node_modules/defer-to-connect
735 silly REMOVE node_modules/expo-cli/node_modules/is-reachable/node_modules/decompress-response
736 silly REMOVE node_modules/expo-cli/node_modules/is-reachable/node_modules/cacheable-request
737 silly REMOVE node_modules/expo-cli/node_modules/is-regex
738 silly REMOVE node_modules/expo-cli/node_modules/is-port-reachable
739 silly REMOVE node_modules/expo-cli/node_modules/is-plain-obj
740 silly REMOVE node_modules/expo-cli/node_modules/is-path-inside
741 silly REMOVE node_modules/expo-cli/node_modules/is-number-object
742 silly REMOVE node_modules/expo-cli/node_modules/is-path-in-cwd
743 silly REMOVE node_modules/expo-cli/node_modules/is-path-in-cwd/node_modules/is-path-inside
744 silly REMOVE node_modules/expo-cli/node_modules/is-path-cwd
745 silly REMOVE node_modules/expo-cli/node_modules/is-number
746 silly REMOVE node_modules/expo-cli/node_modules/is-invalid-path
747 silly REMOVE node_modules/expo-cli/node_modules/is-invalid-path/node_modules/is-glob
748 silly REMOVE node_modules/expo-cli/node_modules/is-invalid-path/node_modules/is-extglob
749 silly REMOVE node_modules/expo-cli/node_modules/is-negative-zero
750 silly REMOVE node_modules/expo-cli/node_modules/is-glob
751 silly REMOVE node_modules/expo-cli/node_modules/is-fullwidth-code-point
752 silly REMOVE node_modules/expo-cli/node_modules/is-extglob
753 silly REMOVE node_modules/expo-cli/node_modules/is-date-object
754 silly REMOVE node_modules/expo-cli/node_modules/is-docker
755 silly REMOVE node_modules/expo-cli/node_modules/is-callable
756 silly REMOVE node_modules/expo-cli/node_modules/is-data-view
757 silly REMOVE node_modules/expo-cli/node_modules/is-buffer
758 silly REMOVE node_modules/expo-cli/node_modules/is-boolean-object
759 silly REMOVE node_modules/expo-cli/node_modules/is-binary-path
760 silly REMOVE node_modules/expo-cli/node_modules/ipaddr.js
761 silly REMOVE node_modules/expo-cli/node_modules/is-bigint
762 silly REMOVE node_modules/expo-cli/node_modules/is-array-buffer
763 silly REMOVE node_modules/expo-cli/node_modules/ip-regex
764 silly REMOVE node_modules/expo-cli/node_modules/internal-ip
765 silly REMOVE node_modules/expo-cli/node_modules/internal-slot
766 silly REMOVE node_modules/expo-cli/node_modules/ini
767 silly REMOVE node_modules/expo-cli/node_modules/inherits
768 silly REMOVE node_modules/expo-cli/node_modules/inflight
769 silly REMOVE node_modules/expo-cli/node_modules/infer-owner
770 silly REMOVE node_modules/expo-cli/node_modules/imurmurhash
771 silly REMOVE node_modules/expo-cli/node_modules/ignore
772 silly REMOVE node_modules/expo-cli/node_modules/icss-utils
773 silly REMOVE node_modules/expo-cli/node_modules/indent-string
774 silly REMOVE node_modules/expo-cli/node_modules/http-proxy-middleware
775 silly REMOVE node_modules/expo-cli/node_modules/iconv-lite
776 silly REMOVE node_modules/expo-cli/node_modules/human-signals
777 silly REMOVE node_modules/expo-cli/node_modules/http2-wrapper
778 silly REMOVE node_modules/expo-cli/node_modules/http-proxy
779 silly REMOVE node_modules/expo-cli/node_modules/http-errors
780 silly REMOVE node_modules/expo-cli/node_modules/http-errors/node_modules/statuses
781 silly REMOVE node_modules/expo-cli/node_modules/http-parser-js
782 silly REMOVE node_modules/expo-cli/node_modules/http-cache-semantics
783 silly REMOVE node_modules/expo-cli/node_modules/http-deceiver
784 silly REMOVE node_modules/expo-cli/node_modules/htmlparser2
785 silly REMOVE node_modules/expo-cli/node_modules/html-webpack-plugin
786 silly REMOVE node_modules/expo-cli/node_modules/html-minifier-terser
787 silly REMOVE node_modules/expo-cli/node_modules/html-minifier-terser/node_modules/commander
788 silly REMOVE node_modules/expo-cli/node_modules/he
789 silly REMOVE node_modules/expo-cli/node_modules/html-entities
790 silly REMOVE node_modules/expo-cli/node_modules/hosted-git-info
791 silly REMOVE node_modules/expo-cli/node_modules/hasown
792 silly REMOVE node_modules/expo-cli/node_modules/hpack.js
793 silly REMOVE node_modules/expo-cli/node_modules/hashids
794 silly REMOVE node_modules/expo-cli/node_modules/has-tostringtag
795 silly REMOVE node_modules/expo-cli/node_modules/hasbin
796 silly REMOVE node_modules/expo-cli/node_modules/has-symbols
797 silly REMOVE node_modules/expo-cli/node_modules/has-proto
798 silly REMOVE node_modules/expo-cli/node_modules/has-property-descriptors
799 silly REMOVE node_modules/expo-cli/node_modules/handle-thing
800 silly REMOVE node_modules/expo-cli/node_modules/has-bigints
801 silly REMOVE node_modules/expo-cli/node_modules/has-flag
802 silly REMOVE node_modules/expo-cli/node_modules/graceful-fs
803 silly REMOVE node_modules/expo-cli/node_modules/gopd
804 silly REMOVE node_modules/expo-cli/node_modules/got
805 silly REMOVE node_modules/expo-cli/node_modules/globalthis
806 silly REMOVE node_modules/expo-cli/node_modules/globby
807 silly REMOVE node_modules/expo-cli/node_modules/globals
808 silly REMOVE node_modules/expo-cli/node_modules/glob-to-regexp
809 silly REMOVE node_modules/expo-cli/node_modules/glob-parent
810 silly REMOVE node_modules/expo-cli/node_modules/getenv
811 silly REMOVE node_modules/expo-cli/node_modules/glob
812 silly REMOVE node_modules/expo-cli/node_modules/get-stream
813 silly REMOVE node_modules/expo-cli/node_modules/get-port
814 silly REMOVE node_modules/expo-cli/node_modules/get-symbol-description
815 silly REMOVE node_modules/expo-cli/node_modules/functions-have-names
816 silly REMOVE node_modules/expo-cli/node_modules/get-intrinsic
817 silly REMOVE node_modules/expo-cli/node_modules/gensync
818 silly REMOVE node_modules/expo-cli/node_modules/function.prototype.name
819 silly REMOVE node_modules/expo-cli/node_modules/function-bind
820 silly REMOVE node_modules/expo-cli/node_modules/fs.realpath
821 silly REMOVE node_modules/expo-cli/node_modules/fs-extra
822 silly REMOVE node_modules/expo-cli/node_modules/fs-monkey
823 silly REMOVE node_modules/expo-cli/node_modules/fs-minipass
824 silly REMOVE node_modules/expo-cli/node_modules/fresh
825 silly REMOVE node_modules/expo-cli/node_modules/forwarded
826 silly REMOVE node_modules/expo-cli/node_modules/freeport-async
827 silly REMOVE node_modules/expo-cli/node_modules/foreground-child
828 silly REMOVE node_modules/expo-cli/node_modules/foreground-child/node_modules/which
829 silly REMOVE node_modules/expo-cli/node_modules/foreground-child/node_modules/shebang-regex
830 silly REMOVE node_modules/expo-cli/node_modules/foreground-child/node_modules/signal-exit
831 silly REMOVE node_modules/expo-cli/node_modules/foreground-child/node_modules/shebang-command
832 silly REMOVE node_modules/expo-cli/node_modules/foreground-child/node_modules/path-key
833 silly REMOVE node_modules/expo-cli/node_modules/foreground-child/node_modules/cross-spawn
834 silly REMOVE node_modules/expo-cli/node_modules/form-data
835 silly REMOVE node_modules/expo-cli/node_modules/follow-redirects
836 silly REMOVE node_modules/expo-cli/node_modules/find-yarn-workspace-root
837 silly REMOVE node_modules/expo-cli/node_modules/find-up
838 silly REMOVE node_modules/expo-cli/node_modules/for-each
839 silly REMOVE node_modules/expo-cli/node_modules/fill-range
840 silly REMOVE node_modules/expo-cli/node_modules/find-cache-dir
841 silly REMOVE node_modules/expo-cli/node_modules/finalhandler
842 silly REMOVE node_modules/expo-cli/node_modules/finalhandler/node_modules/on-finished
843 silly REMOVE node_modules/expo-cli/node_modules/finalhandler/node_modules/ms
844 silly REMOVE node_modules/expo-cli/node_modules/finalhandler/node_modules/debug
845 silly REMOVE node_modules/expo-cli/node_modules/fetch-retry
846 silly REMOVE node_modules/expo-cli/node_modules/fastq
847 silly REMOVE node_modules/expo-cli/node_modules/faye-websocket
848 silly REMOVE node_modules/expo-cli/node_modules/express
849 silly REMOVE node_modules/expo-cli/node_modules/express/node_modules/statuses
850 silly REMOVE node_modules/expo-cli/node_modules/express/node_modules/on-finished
851 silly REMOVE node_modules/expo-cli/node_modules/express/node_modules/setprototypeof
852 silly REMOVE node_modules/expo-cli/node_modules/express/node_modules/qs
853 silly REMOVE node_modules/expo-cli/node_modules/express/node_modules/raw-body
854 silly REMOVE node_modules/expo-cli/node_modules/express/node_modules/ms
855 silly REMOVE node_modules/expo-cli/node_modules/express/node_modules/iconv-lite
856 silly REMOVE node_modules/expo-cli/node_modules/express/node_modules/inherits
857 silly REMOVE node_modules/expo-cli/node_modules/express/node_modules/http-errors
858 silly REMOVE node_modules/expo-cli/node_modules/express/node_modules/finalhandler
859 silly REMOVE node_modules/expo-cli/node_modules/express/node_modules/depd
860 silly REMOVE node_modules/expo-cli/node_modules/express/node_modules/debug
861 silly REMOVE node_modules/expo-cli/node_modules/express/node_modules/bytes
862 silly REMOVE node_modules/expo-cli/node_modules/express/node_modules/body-parser
863 silly REMOVE node_modules/expo-cli/node_modules/fast-glob
864 silly REMOVE node_modules/expo-cli/node_modules/fast-json-stable-stringify
865 silly REMOVE node_modules/expo-cli/node_modules/fast-deep-equal
866 silly REMOVE node_modules/expo-cli/node_modules/expo-modules-autolinking
867 silly REMOVE node_modules/expo-cli/node_modules/expo-modules-autolinking/node_modules/universalify
868 silly REMOVE node_modules/expo-cli/node_modules/expo-modules-autolinking/node_modules/fs-extra
869 silly REMOVE node_modules/expo-cli/node_modules/expo-modules-autolinking/node_modules/commander
870 silly REMOVE node_modules/expo-cli/node_modules/exec-async
871 silly REMOVE node_modules/expo-cli/node_modules/execa
872 silly REMOVE node_modules/expo-cli/node_modules/execa/node_modules/is-stream
873 silly REMOVE node_modules/expo-cli/node_modules/execa/node_modules/get-stream
874 silly REMOVE node_modules/expo-cli/node_modules/expo-pwa
875 silly REMOVE node_modules/expo-cli/node_modules/expo-pwa/node_modules/@expo/image-utils
876 silly REMOVE node_modules/expo-cli/node_modules/expo-pwa/node_modules/unique-string
877 silly REMOVE node_modules/expo-cli/node_modules/expo-pwa/node_modules/type-fest
878 silly REMOVE node_modules/expo-cli/node_modules/expo-pwa/node_modules/tempy
879 silly REMOVE node_modules/expo-cli/node_modules/expo-pwa/node_modules/temp-dir
880 silly REMOVE node_modules/expo-cli/node_modules/expo-pwa/node_modules/commander
881 silly REMOVE node_modules/expo-cli/node_modules/expo-pwa/node_modules/crypto-random-string
882 silly REMOVE node_modules/expo-cli/node_modules/events
883 silly REMOVE node_modules/expo-cli/node_modules/eventemitter3
884 silly REMOVE node_modules/expo-cli/node_modules/estraverse
885 silly REMOVE node_modules/expo-cli/node_modules/etag
886 silly REMOVE node_modules/expo-cli/node_modules/esrecurse
887 silly REMOVE node_modules/expo-cli/node_modules/esrecurse/node_modules/estraverse
888 silly REMOVE node_modules/expo-cli/node_modules/eslint-scope
889 silly REMOVE node_modules/expo-cli/node_modules/esprima
890 silly REMOVE node_modules/expo-cli/node_modules/escape-html
891 silly REMOVE node_modules/expo-cli/node_modules/escape-string-regexp
892 silly REMOVE node_modules/expo-cli/node_modules/escalade
893 silly REMOVE node_modules/expo-cli/node_modules/es-object-atoms
894 silly REMOVE node_modules/expo-cli/node_modules/es-module-lexer
895 silly REMOVE node_modules/expo-cli/node_modules/es-set-tostringtag
896 silly REMOVE node_modules/expo-cli/node_modules/es-to-primitive
897 silly REMOVE node_modules/expo-cli/node_modules/es-define-property
898 silly REMOVE node_modules/expo-cli/node_modules/es-errors
899 silly REMOVE node_modules/expo-cli/node_modules/eol
900 silly REMOVE node_modules/expo-cli/node_modules/es-abstract
901 silly REMOVE node_modules/expo-cli/node_modules/entities
902 silly REMOVE node_modules/expo-cli/node_modules/env-editor
903 silly REMOVE node_modules/expo-cli/node_modules/enhanced-resolve
904 silly REMOVE node_modules/expo-cli/node_modules/end-of-stream
905 silly REMOVE node_modules/expo-cli/node_modules/encodeurl
906 silly REMOVE node_modules/expo-cli/node_modules/emojis-list
907 silly REMOVE node_modules/expo-cli/node_modules/emoji-regex
908 silly REMOVE node_modules/expo-cli/node_modules/duplexer3
909 silly REMOVE node_modules/expo-cli/node_modules/electron-to-chromium
910 silly REMOVE node_modules/expo-cli/node_modules/eastasianwidth
911 silly REMOVE node_modules/expo-cli/node_modules/domhandler
912 silly REMOVE node_modules/expo-cli/node_modules/dot-case
913 silly REMOVE node_modules/expo-cli/node_modules/ee-first
914 silly REMOVE node_modules/expo-cli/node_modules/domino
915 silly REMOVE node_modules/expo-cli/node_modules/domutils
916 silly REMOVE node_modules/expo-cli/node_modules/dom-serializer
917 silly REMOVE node_modules/expo-cli/node_modules/dns-packet
918 silly REMOVE node_modules/expo-cli/node_modules/domelementtype
919 silly REMOVE node_modules/expo-cli/node_modules/dom-converter
920 silly REMOVE node_modules/expo-cli/node_modules/dir-glob
921 silly REMOVE node_modules/expo-cli/node_modules/destroy
922 silly REMOVE node_modules/expo-cli/node_modules/detect-node
923 silly REMOVE node_modules/expo-cli/node_modules/depd
924 silly REMOVE node_modules/expo-cli/node_modules/delayed-stream
925 silly REMOVE node_modules/expo-cli/node_modules/del
926 silly REMOVE node_modules/expo-cli/node_modules/defer-to-connect
927 silly REMOVE node_modules/expo-cli/node_modules/define-properties
928 silly REMOVE node_modules/expo-cli/node_modules/define-lazy-prop
929 silly REMOVE node_modules/expo-cli/node_modules/default-gateway
930 silly REMOVE node_modules/expo-cli/node_modules/define-data-property
931 silly REMOVE node_modules/expo-cli/node_modules/defaults
932 silly REMOVE node_modules/expo-cli/node_modules/deepmerge
933 silly REMOVE node_modules/expo-cli/node_modules/deep-extend
934 silly REMOVE node_modules/expo-cli/node_modules/decache
935 silly REMOVE node_modules/expo-cli/node_modules/decompress-response
936 silly REMOVE node_modules/expo-cli/node_modules/decompress-response/node_modules/mimic-response
937 silly REMOVE node_modules/expo-cli/node_modules/debug
938 silly REMOVE node_modules/expo-cli/node_modules/dateformat
939 silly REMOVE node_modules/expo-cli/node_modules/data-view-byte-length
940 silly REMOVE node_modules/expo-cli/node_modules/data-view-buffer
941 silly REMOVE node_modules/expo-cli/node_modules/data-view-byte-offset
942 silly REMOVE node_modules/expo-cli/node_modules/dag-map
943 silly REMOVE node_modules/expo-cli/node_modules/csso
944 silly REMOVE node_modules/expo-cli/node_modules/cssnano-utils
945 silly REMOVE node_modules/expo-cli/node_modules/cssnano
946 silly REMOVE node_modules/expo-cli/node_modules/cssnano-preset-default
947 silly REMOVE node_modules/expo-cli/node_modules/cssesc
948 silly REMOVE node_modules/expo-cli/node_modules/css-tree
949 silly REMOVE node_modules/expo-cli/node_modules/css-what
950 silly REMOVE node_modules/expo-cli/node_modules/css-select
951 silly REMOVE node_modules/expo-cli/node_modules/css-minimizer-webpack-plugin
952 silly REMOVE node_modules/expo-cli/node_modules/css-minimizer-webpack-plugin/node_modules/schema-utils
953 silly REMOVE node_modules/expo-cli/node_modules/css-minimizer-webpack-plugin/node_modules/ajv-keywords
954 silly REMOVE node_modules/expo-cli/node_modules/css-loader
955 silly REMOVE node_modules/expo-cli/node_modules/css-loader/node_modules/semver
956 silly REMOVE node_modules/expo-cli/node_modules/css-declaration-sorter
957 silly REMOVE node_modules/expo-cli/node_modules/crypt
958 silly REMOVE node_modules/expo-cli/node_modules/crypto-random-string
959 silly REMOVE node_modules/expo-cli/node_modules/cross-spawn
960 silly REMOVE node_modules/expo-cli/node_modules/cross-spawn/node_modules/semver
961 silly REMOVE node_modules/expo-cli/node_modules/core-util-is
962 silly REMOVE node_modules/expo-cli/node_modules/copy-webpack-plugin
963 silly REMOVE node_modules/expo-cli/node_modules/copy-webpack-plugin/node_modules/globby
964 silly REMOVE node_modules/expo-cli/node_modules/copy-webpack-plugin/node_modules/slash
965 silly REMOVE node_modules/expo-cli/node_modules/copy-webpack-plugin/node_modules/schema-utils
966 silly REMOVE node_modules/expo-cli/node_modules/copy-webpack-plugin/node_modules/glob-parent
967 silly REMOVE node_modules/expo-cli/node_modules/copy-webpack-plugin/node_modules/array-union
968 silly REMOVE node_modules/expo-cli/node_modules/copy-webpack-plugin/node_modules/ajv-keywords
969 silly REMOVE node_modules/expo-cli/node_modules/cookie-signature
970 silly REMOVE node_modules/expo-cli/node_modules/convert-source-map
971 silly REMOVE node_modules/expo-cli/node_modules/cookie
972 silly REMOVE node_modules/expo-cli/node_modules/content-type
973 silly REMOVE node_modules/expo-cli/node_modules/connect-history-api-fallback
974 silly REMOVE node_modules/expo-cli/node_modules/content-disposition
975 silly REMOVE node_modules/expo-cli/node_modules/connect
976 silly REMOVE node_modules/expo-cli/node_modules/connect/node_modules/ms
977 silly REMOVE node_modules/expo-cli/node_modules/connect/node_modules/debug
978 silly REMOVE node_modules/expo-cli/node_modules/concat-map
979 silly REMOVE node_modules/expo-cli/node_modules/concat-stream
980 silly REMOVE node_modules/expo-cli/node_modules/compression
981 silly REMOVE node_modules/expo-cli/node_modules/compression/node_modules/ms
982 silly REMOVE node_modules/expo-cli/node_modules/compression/node_modules/debug
983 silly REMOVE node_modules/expo-cli/node_modules/compression/node_modules/bytes
984 silly REMOVE node_modules/expo-cli/node_modules/command-exists
985 silly REMOVE node_modules/expo-cli/node_modules/compressible
986 silly REMOVE node_modules/expo-cli/node_modules/commondir
987 silly REMOVE node_modules/expo-cli/node_modules/component-type
988 silly REMOVE node_modules/expo-cli/node_modules/commander
989 silly REMOVE node_modules/expo-cli/node_modules/combined-stream
990 silly REMOVE node_modules/expo-cli/node_modules/colord
991 silly REMOVE node_modules/expo-cli/node_modules/color-name
992 silly REMOVE node_modules/expo-cli/node_modules/colorette
993 silly REMOVE node_modules/expo-cli/node_modules/color-convert
994 silly REMOVE node_modules/expo-cli/node_modules/clone-response
995 silly REMOVE node_modules/expo-cli/node_modules/clone
996 silly REMOVE node_modules/expo-cli/node_modules/cli-table3
997 silly REMOVE node_modules/expo-cli/node_modules/cli-cursor
998 silly REMOVE node_modules/expo-cli/node_modules/cli-spinners
999 silly REMOVE node_modules/expo-cli/node_modules/cli-boxes
1000 silly REMOVE node_modules/expo-cli/node_modules/clean-webpack-plugin
1001 silly REMOVE node_modules/expo-cli/node_modules/clean-webpack-plugin/node_modules/rimraf
1002 silly REMOVE node_modules/expo-cli/node_modules/clean-webpack-plugin/node_modules/p-map
1003 silly REMOVE node_modules/expo-cli/node_modules/clean-webpack-plugin/node_modules/globby
1004 silly REMOVE node_modules/expo-cli/node_modules/clean-webpack-plugin/node_modules/globby/node_modules/pify
1005 silly REMOVE node_modules/expo-cli/node_modules/clean-webpack-plugin/node_modules/del
1006 silly REMOVE node_modules/expo-cli/node_modules/clean-webpack-plugin/node_modules/array-union
1007 silly REMOVE node_modules/expo-cli/node_modules/clean-stack
1008 silly REMOVE node_modules/expo-cli/node_modules/clean-css
1009 silly REMOVE node_modules/expo-cli/node_modules/chownr
1010 silly REMOVE node_modules/expo-cli/node_modules/chrome-trace-event
1011 silly REMOVE node_modules/expo-cli/node_modules/chokidar
1012 silly REMOVE node_modules/expo-cli/node_modules/charenc
1013 silly REMOVE node_modules/expo-cli/node_modules/chalk
1014 silly REMOVE node_modules/expo-cli/node_modules/caniuse-lite
1015 silly REMOVE node_modules/expo-cli/node_modules/caniuse-api
1016 silly REMOVE node_modules/expo-cli/node_modules/camelcase
1017 silly REMOVE node_modules/expo-cli/node_modules/camel-case
1018 silly REMOVE node_modules/expo-cli/node_modules/call-bind
1019 silly REMOVE node_modules/expo-cli/node_modules/cacheable-request
1020 silly REMOVE node_modules/expo-cli/node_modules/callsite
1021 silly REMOVE node_modules/expo-cli/node_modules/cacheable-lookup
1022 silly REMOVE node_modules/expo-cli/node_modules/buffer-from
1023 silly REMOVE node_modules/expo-cli/node_modules/builtins
1024 silly REMOVE node_modules/expo-cli/node_modules/cacache
1025 silly REMOVE node_modules/expo-cli/node_modules/bytes
1026 silly REMOVE node_modules/expo-cli/node_modules/browserslist
1027 silly REMOVE node_modules/expo-cli/node_modules/braces
1028 silly REMOVE node_modules/expo-cli/node_modules/brace-expansion
1029 silly REMOVE node_modules/expo-cli/node_modules/bplist-parser
1030 silly REMOVE node_modules/expo-cli/node_modules/bplist-creator
1031 silly REMOVE node_modules/expo-cli/node_modules/bonjour-service
1032 silly REMOVE node_modules/expo-cli/node_modules/boxen
1033 silly REMOVE node_modules/expo-cli/node_modules/boolbase
1034 silly REMOVE node_modules/expo-cli/node_modules/body-parser
1035 silly REMOVE node_modules/expo-cli/node_modules/body-parser/node_modules/ms
1036 silly REMOVE node_modules/expo-cli/node_modules/body-parser/node_modules/debug
1037 silly REMOVE node_modules/expo-cli/node_modules/big.js
1038 silly REMOVE node_modules/expo-cli/node_modules/base64-js
1039 silly REMOVE node_modules/expo-cli/node_modules/binary-extensions
1040 silly REMOVE node_modules/expo-cli/node_modules/better-opn
1041 silly REMOVE node_modules/expo-cli/node_modules/big-integer
1042 silly REMOVE node_modules/expo-cli/node_modules/balanced-match
1043 silly REMOVE node_modules/expo-cli/node_modules/babel-loader
1044 silly REMOVE node_modules/expo-cli/node_modules/batch
1045 silly REMOVE node_modules/expo-cli/node_modules/axios
1046 silly REMOVE node_modules/expo-cli/node_modules/available-typed-arrays
1047 silly REMOVE node_modules/expo-cli/node_modules/async
1048 silly REMOVE node_modules/expo-cli/node_modules/at-least-node
1049 silly REMOVE node_modules/expo-cli/node_modules/arrify
1050 silly REMOVE node_modules/expo-cli/node_modules/arraybuffer.prototype.slice
1051 silly REMOVE node_modules/expo-cli/node_modules/asynckit
1052 silly REMOVE node_modules/expo-cli/node_modules/array-uniq
1053 silly REMOVE node_modules/expo-cli/node_modules/array-union
1054 silly REMOVE node_modules/expo-cli/node_modules/array-flatten
1055 silly REMOVE node_modules/expo-cli/node_modules/array-buffer-byte-length
1056 silly REMOVE node_modules/expo-cli/node_modules/application-config-path
1057 silly REMOVE node_modules/expo-cli/node_modules/any-promise
1058 silly REMOVE node_modules/expo-cli/node_modules/anymatch
1059 silly REMOVE node_modules/expo-cli/node_modules/argparse
1060 silly REMOVE node_modules/expo-cli/node_modules/ansi-styles
1061 silly REMOVE node_modules/expo-cli/node_modules/ansi-regex
1062 silly REMOVE node_modules/expo-cli/node_modules/ansi-align
1063 silly REMOVE node_modules/expo-cli/node_modules/ansi-html-community
1064 silly REMOVE node_modules/expo-cli/node_modules/ajv-keywords
1065 silly REMOVE node_modules/expo-cli/node_modules/ajv-formats
1066 silly REMOVE node_modules/expo-cli/node_modules/ansi-escapes
1067 silly REMOVE node_modules/expo-cli/node_modules/ansi-escapes/node_modules/type-fest
1068 silly REMOVE node_modules/expo-cli/node_modules/ajv
1069 silly REMOVE node_modules/expo-cli/node_modules/acorn-import-assertions
1070 silly REMOVE node_modules/expo-cli/node_modules/aggregate-error
1071 silly REMOVE node_modules/expo-cli/node_modules/acorn
1072 silly REMOVE node_modules/expo-cli/node_modules/accepts
1073 silly REMOVE node_modules/expo-cli/node_modules/abab
1074 timing command:uninstall Completed in 2478ms
1075 verbose exit 0
1076 timing npm Completed in 3051ms
1077 info ok
