0 verbose cli C:\Program Files\nodejs\node.exe C:\Users\ihebc\AppData\Roaming\npm\node_modules\npm\bin\npm-cli.js
1 info using npm@10.5.2
2 info using node@v18.17.0
3 timing npm:load:whichnode Completed in 2ms
4 timing config:load:defaults Completed in 1ms
5 timing config:load:file:C:\Users\ihebc\AppData\Roaming\npm\node_modules\npm\npmrc Completed in 2ms
6 timing config:load:builtin Completed in 2ms
7 timing config:load:cli Completed in 1ms
8 timing config:load:env Completed in 1ms
9 timing config:load:file:C:\StudyBuddyProject-main\.npmrc Completed in 1ms
10 timing config:load:project Completed in 1ms
11 timing config:load:file:C:\Users\ihebc\.npmrc Completed in 1ms
12 timing config:load:user Completed in 1ms
13 timing config:load:file:C:\Users\ihebc\AppData\Roaming\npm\etc\npmrc Completed in 1ms
14 timing config:load:global Completed in 1ms
15 timing config:load:setEnvs Completed in 1ms
16 timing config:load Completed in 9ms
17 timing npm:load:configload Completed in 9ms
18 timing config:load:flatten Completed in 2ms
19 timing npm:load:mkdirpcache Completed in 0ms
20 timing npm:load:mkdirplogs Completed in 1ms
21 verbose title npm start
22 verbose argv "start"
23 timing npm:load:setTitle Completed in 0ms
24 timing npm:load:display Completed in 1ms
25 verbose logfile logs-max:10 dir:C:\StudyBuddyProject-main\clean\_logs\2024-04-17T19_15_05_343Z-
26 verbose logfile C:\StudyBuddyProject-main\clean\_logs\2024-04-17T19_15_05_343Z-debug-0.log
27 timing npm:load:logFile Completed in 2ms
28 timing npm:load:timers Completed in 0ms
29 timing npm:load:configScope Completed in 0ms
30 timing npm:load Completed in 41ms
31 silly logfile start cleaning logs, removing 2 files
32 silly logfile done cleaning log files
33 timing command:run-script Completed in 12042ms
34 timing command:start Completed in 12059ms
35 verbose exit 1
36 timing npm Completed in 12109ms
37 verbose code 1
